c:\users\gebei\documents\github\birday\birday_arcade\bin\win32\release\birday_arcade.ipdb
c:\users\gebei\documents\github\birday\birday_arcade\bin\win32\release\birday_arcade.iobj
c:\users\gebei\documents\github\birday\birday_arcade\bin\intermediates\win32\release\vc141.pdb
c:\users\gebei\documents\github\birday\birday_arcade\bin\intermediates\win32\release\gunk.obj
c:\users\gebei\documents\github\birday\birday_arcade\bin\intermediates\win32\release\grapple.obj
c:\users\gebei\documents\github\birday\birday_arcade\bin\intermediates\win32\release\fire.obj
c:\users\gebei\documents\github\birday\birday_arcade\bin\intermediates\win32\release\e_weapon.obj
c:\users\gebei\documents\github\birday\birday_arcade\bin\intermediates\win32\release\diamond_ice.obj
c:\users\gebei\documents\github\birday\birday_arcade\bin\intermediates\win32\release\bubble_blast.obj
c:\users\gebei\documents\github\birday\birday_arcade\bin\intermediates\win32\release\ball_shot.obj
c:\users\gebei\documents\github\birday\birday_arcade\bin\intermediates\win32\release\tripus.obj
c:\users\gebei\documents\github\birday\birday_arcade\bin\intermediates\win32\release\magic_mask.obj
c:\users\gebei\documents\github\birday\birday_arcade\bin\intermediates\win32\release\fisher.obj
c:\users\gebei\documents\github\birday\birday_arcade\bin\intermediates\win32\release\enemy.obj
c:\users\gebei\documents\github\birday\birday_arcade\bin\intermediates\win32\release\diamondo.obj
c:\users\gebei\documents\github\birday\birday_arcade\bin\intermediates\win32\release\cannon_slug.obj
c:\users\gebei\documents\github\birday\birday_arcade\bin\intermediates\win32\release\ball.obj
c:\users\gebei\documents\github\birday\birday_arcade\bin\intermediates\win32\release\collision.obj
c:\users\gebei\documents\github\birday\birday_arcade\bin\intermediates\win32\release\tile_map.obj
c:\users\gebei\documents\github\birday\birday_arcade\bin\intermediates\win32\release\sound.obj
c:\users\gebei\documents\github\birday\birday_arcade\bin\intermediates\win32\release\image.obj
c:\users\gebei\documents\github\birday\birday_arcade\bin\intermediates\win32\release\font.obj
c:\users\gebei\documents\github\birday\birday_arcade\bin\intermediates\win32\release\animation.obj
c:\users\gebei\documents\github\birday\birday_arcade\bin\intermediates\win32\release\b_2_bomber.obj
c:\users\gebei\documents\github\birday\birday_arcade\bin\intermediates\win32\release\ammo.obj
c:\users\gebei\documents\github\birday\birday_arcade\bin\intermediates\win32\release\trinuke.obj
c:\users\gebei\documents\github\birday\birday_arcade\bin\intermediates\win32\release\triangular_missle.obj
c:\users\gebei\documents\github\birday\birday_arcade\bin\intermediates\win32\release\stunner.obj
c:\users\gebei\documents\github\birday\birday_arcade\bin\intermediates\win32\release\slicer.obj
c:\users\gebei\documents\github\birday\birday_arcade\bin\intermediates\win32\release\rocket_lazer.obj
c:\users\gebei\documents\github\birday\birday_arcade\bin\intermediates\win32\release\p_weapon.obj
c:\users\gebei\documents\github\birday\birday_arcade\bin\intermediates\win32\release\lazer.obj
c:\users\gebei\documents\github\birday\birday_arcade\bin\intermediates\win32\release\ice_bomb.obj
c:\users\gebei\documents\github\birday\birday_arcade\bin\intermediates\win32\release\fire_bomb.obj
c:\users\gebei\documents\github\birday\birday_arcade\bin\intermediates\win32\release\bomb.obj
c:\users\gebei\documents\github\birday\birday_arcade\bin\intermediates\win32\release\binuke.obj
c:\users\gebei\documents\github\birday\birday_arcade\bin\intermediates\win32\release\atom_bomb.obj
c:\users\gebei\documents\github\birday\birday_arcade\bin\intermediates\win32\release\arrow.obj
c:\users\gebei\documents\github\birday\birday_arcade\bin\intermediates\win32\release\player.obj
c:\users\gebei\documents\github\birday\birday_arcade\bin\intermediates\win32\release\venom_spit.obj
c:\users\gebei\documents\github\birday\birday_arcade\bin\intermediates\win32\release\thunder.obj
c:\users\gebei\documents\github\birday\birday_arcade\bin\intermediates\win32\release\star_bomb.obj
c:\users\gebei\documents\github\birday\birday_arcade\bin\intermediates\win32\release\missile.obj
c:\users\gebei\documents\github\birday\birday_arcade\bin\intermediates\win32\release\source.obj
c:\users\gebei\documents\github\birday\birday_arcade\bin\intermediates\win32\release\weapons_unlocked_list.obj
c:\users\gebei\documents\github\birday\birday_arcade\bin\intermediates\win32\release\quit.obj
c:\users\gebei\documents\github\birday\birday_arcade\bin\intermediates\win32\release\pause.obj
c:\users\gebei\documents\github\birday\birday_arcade\bin\intermediates\win32\release\options.obj
c:\users\gebei\documents\github\birday\birday_arcade\bin\intermediates\win32\release\menu.obj
c:\users\gebei\documents\github\birday\birday_arcade\bin\intermediates\win32\release\game_over.obj
c:\users\gebei\documents\github\birday\birday_arcade\bin\intermediates\win32\release\game_materials.obj
c:\users\gebei\documents\github\birday\birday_arcade\bin\intermediates\win32\release\game.obj
c:\users\gebei\documents\github\birday\birday_arcade\bin\intermediates\win32\release\stop_time_chip.obj
c:\users\gebei\documents\github\birday\birday_arcade\bin\intermediates\win32\release\power_up.obj
c:\users\gebei\documents\github\birday\birday_arcade\bin\intermediates\win32\release\needle_wind.obj
c:\users\gebei\documents\github\birday\birday_arcade\bin\intermediates\win32\release\needle_blast_wind_chip.obj
c:\users\gebei\documents\github\birday\birday_arcade\bin\intermediates\win32\release\health_chip.obj
c:\users\gebei\documents\github\birday\birday_arcade\bin\intermediates\win32\release\gliding_chip.obj
c:\users\gebei\documents\github\birday\birday_arcade\bin\intermediates\win32\release\copy_chip.obj
c:\users\gebei\documents\github\birday\birday_arcade\bin\intermediates\win32\release\b_2_bomber_strike_chip.obj
c:\users\gebei\documents\github\birday\birday_arcade\bin\win32\release\birday_arcade.exe
c:\users\gebei\documents\github\birday\birday_arcade\bin\win32\release\birday_arcade.pdb
c:\users\gebei\documents\github\birday\birday_arcade\bin\intermediates\win32\release\birday_icon.ico.res
c:\users\gebei\documents\github\birday\birday_arcade\bin\intermediates\win32\release\birday_arcade.tlog\birday_arcade.write.1u.tlog
c:\users\gebei\documents\github\birday\birday_arcade\bin\intermediates\win32\release\birday_arcade.tlog\cl.command.1.tlog
c:\users\gebei\documents\github\birday\birday_arcade\bin\intermediates\win32\release\birday_arcade.tlog\cl.read.1.tlog
c:\users\gebei\documents\github\birday\birday_arcade\bin\intermediates\win32\release\birday_arcade.tlog\cl.write.1.tlog
c:\users\gebei\documents\github\birday\birday_arcade\bin\intermediates\win32\release\birday_arcade.tlog\link.command.1.tlog
c:\users\gebei\documents\github\birday\birday_arcade\bin\intermediates\win32\release\birday_arcade.tlog\link.read.1.tlog
c:\users\gebei\documents\github\birday\birday_arcade\bin\intermediates\win32\release\birday_arcade.tlog\link.write.1.tlog
