  Font.cpp
c:\users\gebei\documents\github\birday\birday_arcade\birday_arcade\src\asset_management\font.cpp(19): warning C4018: '<': signed/unsigned mismatch
c:\users\gebei\documents\github\birday\birday_arcade\birday_arcade\src\asset_management\font.cpp(29): warning C4018: '<': signed/unsigned mismatch
c:\users\gebei\documents\github\birday\birday_arcade\birday_arcade\src\asset_management\font.cpp(38): warning C4101: 'x': unreferenced local variable
c:\users\gebei\documents\github\birday\birday_arcade\birday_arcade\src\asset_management\font.cpp(51): warning C4018: '<': signed/unsigned mismatch
  Image.cpp
c:\users\gebei\documents\github\birday\birday_arcade\birday_arcade\src\asset_management\image.cpp(132): warning C4018: '<': signed/unsigned mismatch
c:\users\gebei\documents\github\birday\birday_arcade\birday_arcade\src\asset_management\image.cpp(137): warning C4018: '<': signed/unsigned mismatch
c:\users\gebei\documents\github\birday\birday_arcade\birday_arcade\src\asset_management\image.cpp(142): warning C4018: '<': signed/unsigned mismatch
c:\users\gebei\documents\github\birday\birday_arcade\birday_arcade\src\asset_management\image.cpp(147): warning C4018: '<': signed/unsigned mismatch
c:\users\gebei\documents\github\birday\birday_arcade\birday_arcade\src\asset_management\image.cpp(152): warning C4018: '<': signed/unsigned mismatch
c:\users\gebei\documents\github\birday\birday_arcade\birday_arcade\src\asset_management\image.cpp(157): warning C4018: '<': signed/unsigned mismatch
c:\users\gebei\documents\github\birday\birday_arcade\birday_arcade\src\asset_management\image.cpp(162): warning C4018: '<': signed/unsigned mismatch
c:\users\gebei\documents\github\birday\birday_arcade\birday_arcade\src\asset_management\image.cpp(167): warning C4018: '<': signed/unsigned mismatch
c:\users\gebei\documents\github\birday\birday_arcade\birday_arcade\src\asset_management\image.cpp(172): warning C4018: '<': signed/unsigned mismatch
c:\users\gebei\documents\github\birday\birday_arcade\birday_arcade\src\asset_management\image.cpp(177): warning C4018: '<': signed/unsigned mismatch
c:\users\gebei\documents\github\birday\birday_arcade\birday_arcade\src\asset_management\image.cpp(188): warning C4018: '<': signed/unsigned mismatch
c:\users\gebei\documents\github\birday\birday_arcade\birday_arcade\src\asset_management\image.cpp(198): warning C4018: '<': signed/unsigned mismatch
c:\users\gebei\documents\github\birday\birday_arcade\birday_arcade\src\asset_management\image.cpp(207): warning C4018: '<': signed/unsigned mismatch
c:\users\gebei\documents\github\birday\birday_arcade\birday_arcade\src\asset_management\image.cpp(216): warning C4018: '<': signed/unsigned mismatch
c:\users\gebei\documents\github\birday\birday_arcade\birday_arcade\src\asset_management\image.cpp(225): warning C4018: '<': signed/unsigned mismatch
c:\users\gebei\documents\github\birday\birday_arcade\birday_arcade\src\asset_management\image.cpp(235): warning C4018: '<': signed/unsigned mismatch
c:\users\gebei\documents\github\birday\birday_arcade\birday_arcade\src\asset_management\image.cpp(244): warning C4018: '<': signed/unsigned mismatch
c:\users\gebei\documents\github\birday\birday_arcade\birday_arcade\src\asset_management\image.cpp(253): warning C4018: '<': signed/unsigned mismatch
c:\users\gebei\documents\github\birday\birday_arcade\birday_arcade\src\asset_management\image.cpp(262): warning C4018: '<': signed/unsigned mismatch
c:\users\gebei\documents\github\birday\birday_arcade\birday_arcade\src\asset_management\image.cpp(271): warning C4018: '<': signed/unsigned mismatch
c:\users\gebei\documents\github\birday\birday_arcade\birday_arcade\src\asset_management\image.cpp(281): warning C4101: 'x': unreferenced local variable
c:\users\gebei\documents\github\birday\birday_arcade\birday_arcade\src\asset_management\image.cpp(292): warning C4018: '<': signed/unsigned mismatch
c:\users\gebei\documents\github\birday\birday_arcade\birday_arcade\src\asset_management\image.cpp(297): warning C4018: '<': signed/unsigned mismatch
c:\users\gebei\documents\github\birday\birday_arcade\birday_arcade\src\asset_management\image.cpp(302): warning C4018: '<': signed/unsigned mismatch
c:\users\gebei\documents\github\birday\birday_arcade\birday_arcade\src\asset_management\image.cpp(307): warning C4018: '<': signed/unsigned mismatch
c:\users\gebei\documents\github\birday\birday_arcade\birday_arcade\src\asset_management\image.cpp(312): warning C4018: '<': signed/unsigned mismatch
c:\users\gebei\documents\github\birday\birday_arcade\birday_arcade\src\asset_management\image.cpp(317): warning C4018: '<': signed/unsigned mismatch
c:\users\gebei\documents\github\birday\birday_arcade\birday_arcade\src\asset_management\image.cpp(322): warning C4018: '<': signed/unsigned mismatch
c:\users\gebei\documents\github\birday\birday_arcade\birday_arcade\src\asset_management\image.cpp(327): warning C4018: '<': signed/unsigned mismatch
c:\users\gebei\documents\github\birday\birday_arcade\birday_arcade\src\asset_management\image.cpp(332): warning C4018: '<': signed/unsigned mismatch
  Sound.cpp
c:\users\gebei\documents\github\birday\birday_arcade\birday_arcade\src\asset_management\sound.cpp(62): warning C4018: '<': signed/unsigned mismatch
c:\users\gebei\documents\github\birday\birday_arcade\birday_arcade\src\asset_management\sound.cpp(69): warning C4018: '<': signed/unsigned mismatch
c:\users\gebei\documents\github\birday\birday_arcade\birday_arcade\src\asset_management\sound.cpp(80): warning C4018: '<': signed/unsigned mismatch
c:\users\gebei\documents\github\birday\birday_arcade\birday_arcade\src\asset_management\sound.cpp(89): warning C4101: 'x': unreferenced local variable
c:\users\gebei\documents\github\birday\birday_arcade\birday_arcade\src\asset_management\sound.cpp(111): warning C4018: '<': signed/unsigned mismatch
c:\users\gebei\documents\github\birday\birday_arcade\birday_arcade\src\asset_management\sound.cpp(116): warning C4018: '<': signed/unsigned mismatch
c:\users\gebei\documents\github\birday\birday_arcade\birday_arcade\src\asset_management\sound.cpp(121): warning C4018: '<': signed/unsigned mismatch
  Generating code
  76 of 1436 functions ( 5.3%) were compiled, the rest were copied from previous compilation.
    3 functions were new in current compilation
    26 functions had inline decision re-evaluated but remain unchanged
  Finished generating code
  Birday_arcade.vcxproj -> C:\Users\gebei\Documents\GitHub\Birday\Birday_arcade\bin\Win32\Release\Birday Arcade.exe
