  Font.cpp
c:\users\gebei\documents\github\birday\birday_arcade\birday_arcade\src\asset_management\font.cpp(20): warning C4018: '<': signed/unsigned mismatch
c:\users\gebei\documents\github\birday\birday_arcade\birday_arcade\src\asset_management\font.cpp(30): warning C4018: '<': signed/unsigned mismatch
c:\users\gebei\documents\github\birday\birday_arcade\birday_arcade\src\asset_management\font.cpp(39): warning C4101: 'x': unreferenced local variable
c:\users\gebei\documents\github\birday\birday_arcade\birday_arcade\src\asset_management\font.cpp(52): warning C4018: '<': signed/unsigned mismatch
  Image.cpp
c:\users\gebei\documents\github\birday\birday_arcade\birday_arcade\src\asset_management\image.cpp(138): warning C4018: '<': signed/unsigned mismatch
c:\users\gebei\documents\github\birday\birday_arcade\birday_arcade\src\asset_management\image.cpp(143): warning C4018: '<': signed/unsigned mismatch
c:\users\gebei\documents\github\birday\birday_arcade\birday_arcade\src\asset_management\image.cpp(148): warning C4018: '<': signed/unsigned mismatch
c:\users\gebei\documents\github\birday\birday_arcade\birday_arcade\src\asset_management\image.cpp(153): warning C4018: '<': signed/unsigned mismatch
c:\users\gebei\documents\github\birday\birday_arcade\birday_arcade\src\asset_management\image.cpp(158): warning C4018: '<': signed/unsigned mismatch
c:\users\gebei\documents\github\birday\birday_arcade\birday_arcade\src\asset_management\image.cpp(163): warning C4018: '<': signed/unsigned mismatch
c:\users\gebei\documents\github\birday\birday_arcade\birday_arcade\src\asset_management\image.cpp(168): warning C4018: '<': signed/unsigned mismatch
c:\users\gebei\documents\github\birday\birday_arcade\birday_arcade\src\asset_management\image.cpp(173): warning C4018: '<': signed/unsigned mismatch
c:\users\gebei\documents\github\birday\birday_arcade\birday_arcade\src\asset_management\image.cpp(178): warning C4018: '<': signed/unsigned mismatch
c:\users\gebei\documents\github\birday\birday_arcade\birday_arcade\src\asset_management\image.cpp(183): warning C4018: '<': signed/unsigned mismatch
c:\users\gebei\documents\github\birday\birday_arcade\birday_arcade\src\asset_management\image.cpp(188): warning C4018: '<': signed/unsigned mismatch
c:\users\gebei\documents\github\birday\birday_arcade\birday_arcade\src\asset_management\image.cpp(199): warning C4018: '<': signed/unsigned mismatch
c:\users\gebei\documents\github\birday\birday_arcade\birday_arcade\src\asset_management\image.cpp(209): warning C4018: '<': signed/unsigned mismatch
c:\users\gebei\documents\github\birday\birday_arcade\birday_arcade\src\asset_management\image.cpp(218): warning C4018: '<': signed/unsigned mismatch
c:\users\gebei\documents\github\birday\birday_arcade\birday_arcade\src\asset_management\image.cpp(227): warning C4018: '<': signed/unsigned mismatch
c:\users\gebei\documents\github\birday\birday_arcade\birday_arcade\src\asset_management\image.cpp(236): warning C4018: '<': signed/unsigned mismatch
c:\users\gebei\documents\github\birday\birday_arcade\birday_arcade\src\asset_management\image.cpp(246): warning C4018: '<': signed/unsigned mismatch
c:\users\gebei\documents\github\birday\birday_arcade\birday_arcade\src\asset_management\image.cpp(255): warning C4018: '<': signed/unsigned mismatch
c:\users\gebei\documents\github\birday\birday_arcade\birday_arcade\src\asset_management\image.cpp(264): warning C4018: '<': signed/unsigned mismatch
c:\users\gebei\documents\github\birday\birday_arcade\birday_arcade\src\asset_management\image.cpp(273): warning C4018: '<': signed/unsigned mismatch
c:\users\gebei\documents\github\birday\birday_arcade\birday_arcade\src\asset_management\image.cpp(282): warning C4018: '<': signed/unsigned mismatch
c:\users\gebei\documents\github\birday\birday_arcade\birday_arcade\src\asset_management\image.cpp(291): warning C4018: '<': signed/unsigned mismatch
c:\users\gebei\documents\github\birday\birday_arcade\birday_arcade\src\asset_management\image.cpp(301): warning C4101: 'x': unreferenced local variable
c:\users\gebei\documents\github\birday\birday_arcade\birday_arcade\src\asset_management\image.cpp(312): warning C4018: '<': signed/unsigned mismatch
c:\users\gebei\documents\github\birday\birday_arcade\birday_arcade\src\asset_management\image.cpp(317): warning C4018: '<': signed/unsigned mismatch
c:\users\gebei\documents\github\birday\birday_arcade\birday_arcade\src\asset_management\image.cpp(322): warning C4018: '<': signed/unsigned mismatch
c:\users\gebei\documents\github\birday\birday_arcade\birday_arcade\src\asset_management\image.cpp(327): warning C4018: '<': signed/unsigned mismatch
c:\users\gebei\documents\github\birday\birday_arcade\birday_arcade\src\asset_management\image.cpp(332): warning C4018: '<': signed/unsigned mismatch
c:\users\gebei\documents\github\birday\birday_arcade\birday_arcade\src\asset_management\image.cpp(337): warning C4018: '<': signed/unsigned mismatch
c:\users\gebei\documents\github\birday\birday_arcade\birday_arcade\src\asset_management\image.cpp(342): warning C4018: '<': signed/unsigned mismatch
c:\users\gebei\documents\github\birday\birday_arcade\birday_arcade\src\asset_management\image.cpp(347): warning C4018: '<': signed/unsigned mismatch
c:\users\gebei\documents\github\birday\birday_arcade\birday_arcade\src\asset_management\image.cpp(352): warning C4018: '<': signed/unsigned mismatch
  Sound.cpp
c:\users\gebei\documents\github\birday\birday_arcade\birday_arcade\src\asset_management\sound.cpp(65): warning C4018: '<': signed/unsigned mismatch
c:\users\gebei\documents\github\birday\birday_arcade\birday_arcade\src\asset_management\sound.cpp(72): warning C4018: '<': signed/unsigned mismatch
c:\users\gebei\documents\github\birday\birday_arcade\birday_arcade\src\asset_management\sound.cpp(83): warning C4018: '<': signed/unsigned mismatch
c:\users\gebei\documents\github\birday\birday_arcade\birday_arcade\src\asset_management\sound.cpp(92): warning C4101: 'x': unreferenced local variable
c:\users\gebei\documents\github\birday\birday_arcade\birday_arcade\src\asset_management\sound.cpp(114): warning C4018: '<': signed/unsigned mismatch
c:\users\gebei\documents\github\birday\birday_arcade\birday_arcade\src\asset_management\sound.cpp(119): warning C4018: '<': signed/unsigned mismatch
c:\users\gebei\documents\github\birday\birday_arcade\birday_arcade\src\asset_management\sound.cpp(124): warning C4018: '<': signed/unsigned mismatch
  Source.cpp
  Generating Code...
  Birday_Arcade.vcxproj -> C:\Users\gebei\Documents\GitHub\Birday\Birday_arcade\\bin\Win32\Debug\Birday_Arcade.exe
