c:\users\gebei\documents\github\birday\birday_arcade\bin\intermediates\win32\debug\vc141.pdb
c:\users\gebei\documents\github\birday\birday_arcade\bin\intermediates\win32\debug\vc141.idb
c:\users\gebei\documents\github\birday\birday_arcade\bin\intermediates\win32\debug\menu.obj
c:\users\gebei\documents\github\birday\birday_arcade\bin\intermediates\win32\debug\stop_time_chip.obj
c:\users\gebei\documents\github\birday\birday_arcade\bin\intermediates\win32\debug\power_up.obj
c:\users\gebei\documents\github\birday\birday_arcade\bin\intermediates\win32\debug\needle_blast_wind_chip.obj
c:\users\gebei\documents\github\birday\birday_arcade\bin\intermediates\win32\debug\health_chip.obj
c:\users\gebei\documents\github\birday\birday_arcade\bin\intermediates\win32\debug\healing_spot.obj
c:\users\gebei\documents\github\birday\birday_arcade\bin\intermediates\win32\debug\gliding_chip.obj
c:\users\gebei\documents\github\birday\birday_arcade\bin\intermediates\win32\debug\entity.obj
c:\users\gebei\documents\github\birday\birday_arcade\bin\intermediates\win32\debug\copy_chip.obj
c:\users\gebei\documents\github\birday\birday_arcade\bin\intermediates\win32\debug\collision.obj
c:\users\gebei\documents\github\birday\birday_arcade\bin\intermediates\win32\debug\b2_bomber_strike_call.obj
c:\users\gebei\documents\github\birday\birday_arcade\bin\intermediates\win32\debug\ammo.obj
c:\users\gebei\documents\github\birday\birday_arcade\bin\intermediates\win32\debug\player.obj
c:\users\gebei\documents\github\birday\birday_arcade\bin\intermediates\win32\debug\enemy.obj
c:\users\gebei\documents\github\birday\birday_arcade\bin\intermediates\win32\debug\p_weapon.obj
c:\users\gebei\documents\github\birday\birday_arcade\bin\intermediates\win32\debug\e_weapon.obj
c:\users\gebei\documents\github\birday\birday_arcade\bin\intermediates\win32\debug\ice_bomb.obj
c:\users\gebei\documents\github\birday\birday_arcade\bin\intermediates\win32\debug\fire_bomb.obj
c:\users\gebei\documents\github\birday\birday_arcade\bin\intermediates\win32\debug\bomb.obj
c:\users\gebei\documents\github\birday\birday_arcade\bin\intermediates\win32\debug\binuke.obj
c:\users\gebei\documents\github\birday\birday_arcade\bin\intermediates\win32\debug\atom_bomb.obj
c:\users\gebei\documents\github\birday\birday_arcade\bin\intermediates\win32\debug\arrow.obj
c:\users\gebei\documents\github\birday\birday_arcade\bin\intermediates\win32\debug\magic_mask.obj
c:\users\gebei\documents\github\birday\birday_arcade\bin\intermediates\win32\debug\diamondo.obj
c:\users\gebei\documents\github\birday\birday_arcade\bin\intermediates\win32\debug\cannon_slug.obj
c:\users\gebei\documents\github\birday\birday_arcade\bin\intermediates\win32\debug\ball.obj
c:\users\gebei\documents\github\birday\birday_arcade\bin\intermediates\win32\debug\rock_candy_bomb.obj
c:\users\gebei\documents\github\birday\birday_arcade\bin\intermediates\win32\debug\missle.obj
c:\users\gebei\documents\github\birday\birday_arcade\bin\intermediates\win32\debug\gunk.obj
c:\users\gebei\documents\github\birday\birday_arcade\bin\intermediates\win32\debug\grapple.obj
c:\users\gebei\documents\github\birday\birday_arcade\bin\intermediates\win32\debug\fire.obj
c:\users\gebei\documents\github\birday\birday_arcade\bin\intermediates\win32\debug\diamond_ice.obj
c:\users\gebei\documents\github\birday\birday_arcade\bin\intermediates\win32\debug\bubble_blast.obj
c:\users\gebei\documents\github\birday\birday_arcade\bin\intermediates\win32\debug\stop_time.obj
c:\users\gebei\documents\github\birday\birday_arcade\bin\intermediates\win32\debug\star_bomb.obj
c:\users\gebei\documents\github\birday\birday_arcade\bin\intermediates\win32\debug\tripus.obj
c:\users\gebei\documents\github\birday\birday_arcade\bin\intermediates\win32\debug\trinuke.obj
c:\users\gebei\documents\github\birday\birday_arcade\bin\intermediates\win32\debug\triangular_missle.obj
c:\users\gebei\documents\github\birday\birday_arcade\bin\intermediates\win32\debug\stunner.obj
c:\users\gebei\documents\github\birday\birday_arcade\bin\intermediates\win32\debug\tile_map.obj
c:\users\gebei\documents\github\birday\birday_arcade\bin\intermediates\win32\debug\source.obj
c:\users\gebei\documents\github\birday\birday_arcade\bin\intermediates\win32\debug\quit.obj
c:\users\gebei\documents\github\birday\birday_arcade\bin\intermediates\win32\debug\pause.obj
c:\users\gebei\documents\github\birday\birday_arcade\bin\intermediates\win32\debug\options.obj
c:\users\gebei\documents\github\birday\birday_arcade\bin\intermediates\win32\debug\game_materials.obj
c:\users\gebei\documents\github\birday\birday_arcade\bin\intermediates\win32\debug\game.obj
c:\users\gebei\documents\github\birday\birday_arcade\bin\intermediates\win32\debug\sound.obj
c:\users\gebei\documents\github\birday\birday_arcade\bin\intermediates\win32\debug\image.obj
c:\users\gebei\documents\github\birday\birday_arcade\bin\intermediates\win32\debug\animation.obj
c:\users\gebei\documents\github\birday\birday_arcade\bin\intermediates\win32\debug\slicer.obj
c:\users\gebei\documents\github\birday\birday_arcade\bin\intermediates\win32\debug\rocket_lazer.obj
c:\users\gebei\documents\github\birday\birday_arcade\bin\intermediates\win32\debug\lazer.obj
c:\users\gebei\documents\github\birday\birday_arcade\bin\intermediates\win32\debug\venom_spit.obj
c:\users\gebei\documents\github\birday\birday_arcade\bin\intermediates\win32\debug\thunder.obj
c:\users\gebei\documents\github\birday\birday_arcade\bin\intermediates\win32\debug\b_2_bomber_strike_chip.obj
c:\users\gebei\documents\github\birday\birday_arcade\bin\intermediates\win32\debug\missile.obj
c:\users\gebei\documents\github\birday\birday_arcade\bin\intermediates\win32\debug\fisher.obj
c:\users\gebei\documents\github\birday\birday_arcade\bin\intermediates\win32\debug\ball_shot.obj
c:\users\gebei\documents\github\birday\birday_arcade\bin\intermediates\win32\debug\ammo.nativecodeanalysis.xml
c:\users\gebei\documents\github\birday\birday_arcade\bin\intermediates\win32\debug\animation.nativecodeanalysis.xml
c:\users\gebei\documents\github\birday\birday_arcade\bin\intermediates\win32\debug\arrow.nativecodeanalysis.xml
c:\users\gebei\documents\github\birday\birday_arcade\bin\intermediates\win32\debug\atom_bomb.nativecodeanalysis.xml
c:\users\gebei\documents\github\birday\birday_arcade\bin\intermediates\win32\debug\b2_bomber_strike_call.nativecodeanalysis.xml
c:\users\gebei\documents\github\birday\birday_arcade\bin\intermediates\win32\debug\ball.nativecodeanalysis.xml
c:\users\gebei\documents\github\birday\birday_arcade\bin\intermediates\win32\debug\binuke.nativecodeanalysis.xml
c:\users\gebei\documents\github\birday\birday_arcade\bin\intermediates\win32\debug\bomb.nativecodeanalysis.xml
c:\users\gebei\documents\github\birday\birday_arcade\bin\intermediates\win32\debug\bubble_blast.nativecodeanalysis.xml
c:\users\gebei\documents\github\birday\birday_arcade\bin\intermediates\win32\debug\cannon_slug.nativecodeanalysis.xml
c:\users\gebei\documents\github\birday\birday_arcade\bin\intermediates\win32\debug\collision.nativecodeanalysis.xml
c:\users\gebei\documents\github\birday\birday_arcade\bin\intermediates\win32\debug\copy_chip.nativecodeanalysis.xml
c:\users\gebei\documents\github\birday\birday_arcade\bin\intermediates\win32\debug\diamondo.nativecodeanalysis.xml
c:\users\gebei\documents\github\birday\birday_arcade\bin\intermediates\win32\debug\diamond_ice.nativecodeanalysis.xml
c:\users\gebei\documents\github\birday\birday_arcade\bin\intermediates\win32\debug\enemy.nativecodeanalysis.xml
c:\users\gebei\documents\github\birday\birday_arcade\bin\intermediates\win32\debug\entity.nativecodeanalysis.xml
c:\users\gebei\documents\github\birday\birday_arcade\bin\intermediates\win32\debug\e_weapon.nativecodeanalysis.xml
c:\users\gebei\documents\github\birday\birday_arcade\bin\intermediates\win32\debug\fire.nativecodeanalysis.xml
c:\users\gebei\documents\github\birday\birday_arcade\bin\intermediates\win32\debug\fire_bomb.nativecodeanalysis.xml
c:\users\gebei\documents\github\birday\birday_arcade\bin\intermediates\win32\debug\game.nativecodeanalysis.xml
c:\users\gebei\documents\github\birday\birday_arcade\bin\intermediates\win32\debug\game_materials.nativecodeanalysis.xml
c:\users\gebei\documents\github\birday\birday_arcade\bin\intermediates\win32\debug\gliding_chip.nativecodeanalysis.xml
c:\users\gebei\documents\github\birday\birday_arcade\bin\intermediates\win32\debug\grapple.nativecodeanalysis.xml
c:\users\gebei\documents\github\birday\birday_arcade\bin\intermediates\win32\debug\gunk.nativecodeanalysis.xml
c:\users\gebei\documents\github\birday\birday_arcade\bin\intermediates\win32\debug\healing_spot.nativecodeanalysis.xml
c:\users\gebei\documents\github\birday\birday_arcade\bin\intermediates\win32\debug\health_chip.nativecodeanalysis.xml
c:\users\gebei\documents\github\birday\birday_arcade\bin\intermediates\win32\debug\ice_bomb.nativecodeanalysis.xml
c:\users\gebei\documents\github\birday\birday_arcade\bin\intermediates\win32\debug\image.nativecodeanalysis.xml
c:\users\gebei\documents\github\birday\birday_arcade\bin\intermediates\win32\debug\lazer.nativecodeanalysis.xml
c:\users\gebei\documents\github\birday\birday_arcade\bin\intermediates\win32\debug\magic_mask.nativecodeanalysis.xml
c:\users\gebei\documents\github\birday\birday_arcade\bin\intermediates\win32\debug\menu.nativecodeanalysis.xml
c:\users\gebei\documents\github\birday\birday_arcade\bin\intermediates\win32\debug\missle.nativecodeanalysis.xml
c:\users\gebei\documents\github\birday\birday_arcade\bin\intermediates\win32\debug\needle_blast_wind_chip.nativecodeanalysis.xml
c:\users\gebei\documents\github\birday\birday_arcade\bin\intermediates\win32\debug\options.nativecodeanalysis.xml
c:\users\gebei\documents\github\birday\birday_arcade\bin\intermediates\win32\debug\pause.nativecodeanalysis.xml
c:\users\gebei\documents\github\birday\birday_arcade\bin\intermediates\win32\debug\player.nativecodeanalysis.xml
c:\users\gebei\documents\github\birday\birday_arcade\bin\intermediates\win32\debug\power_up.nativecodeanalysis.xml
c:\users\gebei\documents\github\birday\birday_arcade\bin\intermediates\win32\debug\p_weapon.nativecodeanalysis.xml
c:\users\gebei\documents\github\birday\birday_arcade\bin\intermediates\win32\debug\quit.nativecodeanalysis.xml
c:\users\gebei\documents\github\birday\birday_arcade\bin\intermediates\win32\debug\rocket_lazer.nativecodeanalysis.xml
c:\users\gebei\documents\github\birday\birday_arcade\bin\intermediates\win32\debug\rock_candy_bomb.nativecodeanalysis.xml
c:\users\gebei\documents\github\birday\birday_arcade\bin\intermediates\win32\debug\slicer.nativecodeanalysis.xml
c:\users\gebei\documents\github\birday\birday_arcade\bin\intermediates\win32\debug\sound.nativecodeanalysis.xml
c:\users\gebei\documents\github\birday\birday_arcade\bin\intermediates\win32\debug\source.nativecodeanalysis.xml
c:\users\gebei\documents\github\birday\birday_arcade\bin\intermediates\win32\debug\star_bomb.nativecodeanalysis.xml
c:\users\gebei\documents\github\birday\birday_arcade\bin\intermediates\win32\debug\stop_time.nativecodeanalysis.xml
c:\users\gebei\documents\github\birday\birday_arcade\bin\intermediates\win32\debug\stop_time_chip.nativecodeanalysis.xml
c:\users\gebei\documents\github\birday\birday_arcade\bin\intermediates\win32\debug\stunner.nativecodeanalysis.xml
c:\users\gebei\documents\github\birday\birday_arcade\bin\intermediates\win32\debug\thunder.nativecodeanalysis.xml
c:\users\gebei\documents\github\birday\birday_arcade\bin\intermediates\win32\debug\tile_map.nativecodeanalysis.xml
c:\users\gebei\documents\github\birday\birday_arcade\bin\intermediates\win32\debug\triangular_missle.nativecodeanalysis.xml
c:\users\gebei\documents\github\birday\birday_arcade\bin\intermediates\win32\debug\trinuke.nativecodeanalysis.xml
c:\users\gebei\documents\github\birday\birday_arcade\bin\intermediates\win32\debug\tripus.nativecodeanalysis.xml
c:\users\gebei\documents\github\birday\birday_arcade\bin\intermediates\win32\debug\venom_spit.nativecodeanalysis.xml
c:\users\gebei\documents\github\birday\birday_arcade\bin\win32\debug\birday arcade.pdb
c:\users\gebei\documents\github\birday\birday_arcade\bin\win32\debug\birday arcade.exe
c:\users\gebei\documents\github\birday\birday_arcade\bin\win32\debug\birday arcade.ilk
c:\users\gebei\documents\github\birday\birday_arcade\bin\intermediates\win32\debug\birday_arcade.tlog\cl.command.1.tlog
c:\users\gebei\documents\github\birday\birday_arcade\bin\intermediates\win32\debug\birday_arcade.tlog\cl.read.1.tlog
c:\users\gebei\documents\github\birday\birday_arcade\bin\intermediates\win32\debug\birday_arcade.tlog\cl.write.1.tlog
c:\users\gebei\documents\github\birday\birday_arcade\bin\intermediates\win32\debug\birday_arcade.tlog\link.command.1.tlog
c:\users\gebei\documents\github\birday\birday_arcade\bin\intermediates\win32\debug\birday_arcade.tlog\link.read.1.tlog
c:\users\gebei\documents\github\birday\birday_arcade\bin\intermediates\win32\debug\birday_arcade.tlog\link.write.1.tlog
